mode: set
hci-ippool-service/hci-ippool-service.go:18.13,27.22 8 1
hci-ippool-service/hci-ippool-service.go:30.2,31.12 2 1
hci-ippool-service/hci-ippool-service.go:37.2,38.39 2 1
hci-ippool-service/hci-ippool-service.go:27.22,29.3 1 1
hci-ippool-service/hci-ippool-service.go:31.12,33.17 2 1
hci-ippool-service/hci-ippool-service.go:33.17,35.4 1 0
hci-ippool-service/app/ippool/ippool.go:65.89,67.16 2 1
hci-ippool-service/app/ippool/ippool.go:70.2,70.17 1 1
hci-ippool-service/app/ippool/ippool.go:76.2,77.16 2 1
hci-ippool-service/app/ippool/ippool.go:80.2,80.19 1 1
hci-ippool-service/app/ippool/ippool.go:67.16,69.3 1 0
hci-ippool-service/app/ippool/ippool.go:70.17,75.3 1 1
hci-ippool-service/app/ippool/ippool.go:77.16,79.3 1 0
hci-ippool-service/app/ippool/ippool.go:84.51,86.2 1 1
hci-ippool-service/app/ippool/ippool.go:89.89,92.17 3 1
hci-ippool-service/app/ippool/ippool.go:96.2,103.17 7 1
hci-ippool-service/app/ippool/ippool.go:107.2,107.13 1 1
hci-ippool-service/app/ippool/ippool.go:114.2,114.12 1 1
hci-ippool-service/app/ippool/ippool.go:92.17,94.3 1 1
hci-ippool-service/app/ippool/ippool.go:103.17,105.3 1 1
hci-ippool-service/app/ippool/ippool.go:107.13,110.17 3 1
hci-ippool-service/app/ippool/ippool.go:110.17,112.4 1 0
hci-ippool-service/app/ippool/ippool.go:118.70,121.2 2 1
hci-ippool-service/app/ippool/ippool.go:123.70,127.16 4 1
hci-ippool-service/app/ippool/ippool.go:134.2,134.12 1 1
hci-ippool-service/app/ippool/ippool.go:127.16,128.14 1 1
hci-ippool-service/app/ippool/ippool.go:128.14,130.4 1 1
hci-ippool-service/app/ippool/ippool.go:130.9,132.4 1 1
hci-ippool-service/app/ippool/ippool.go:138.50,140.2 1 1
hci-ippool-service/app/ippool/ippool.go:143.53,144.49 1 1
hci-ippool-service/app/ippool/ippool.go:147.2,147.12 1 1
hci-ippool-service/app/ippool/ippool.go:144.49,146.3 1 0
hci-ippool-service/app/ippool/ippool.go:151.35,153.2 1 1
hci-ippool-service/app/ippool/ippool.go:156.37,158.2 1 1
hci-ippool-service/app/ippool/ippool.go:161.35,163.16 2 1
hci-ippool-service/app/ippool/ippool.go:166.2,166.40 1 1
hci-ippool-service/app/ippool/ippool.go:163.16,165.3 1 0
hci-ippool-service/app/ippool/ippool.go:169.78,171.16 2 1
hci-ippool-service/app/ippool/ippool.go:175.2,175.18 1 1
hci-ippool-service/app/ippool/ippool.go:171.16,173.3 1 1
hci-ippool-service/app/ippool/ippool.go:178.32,180.2 1 1
hci-ippool-service/app/ippool/ippool.go:182.84,185.16 3 1
hci-ippool-service/app/ippool/ippool.go:189.2,189.37 1 1
hci-ippool-service/app/ippool/ippool.go:234.2,234.13 1 1
hci-ippool-service/app/ippool/ippool.go:185.16,187.3 1 0
hci-ippool-service/app/ippool/ippool.go:189.37,190.47 1 1
hci-ippool-service/app/ippool/ippool.go:199.3,199.37 1 1
hci-ippool-service/app/ippool/ippool.go:204.3,217.59 6 1
hci-ippool-service/app/ippool/ippool.go:190.47,191.46 1 1
hci-ippool-service/app/ippool/ippool.go:191.46,197.5 2 1
hci-ippool-service/app/ippool/ippool.go:199.37,201.12 1 1
hci-ippool-service/app/ippool/ippool.go:217.59,231.4 2 1
hci-ippool-service/app/ippool/ippool.go:237.51,239.2 1 1
hci-ippool-service/app/ippool/ippool.go:241.36,245.16 3 1
hci-ippool-service/app/ippool/ippool.go:249.2,250.17 2 1
hci-ippool-service/app/ippool/ippool.go:254.2,255.16 2 1
hci-ippool-service/app/ippool/ippool.go:259.2,260.16 2 1
hci-ippool-service/app/ippool/ippool.go:264.2,264.15 1 1
hci-ippool-service/app/ippool/ippool.go:245.16,247.3 1 1
hci-ippool-service/app/ippool/ippool.go:250.17,252.3 1 1
hci-ippool-service/app/ippool/ippool.go:255.16,257.3 1 1
hci-ippool-service/app/ippool/ippool.go:260.16,262.3 1 1
hci-ippool-service/app/ippool/ippool.go:267.39,270.30 2 1
hci-ippool-service/app/ippool/ippool.go:274.2,274.33 1 1
hci-ippool-service/app/ippool/ippool.go:278.2,283.30 5 1
hci-ippool-service/app/ippool/ippool.go:287.2,287.26 1 1
hci-ippool-service/app/ippool/ippool.go:290.2,290.34 1 1
hci-ippool-service/app/ippool/ippool.go:294.2,294.25 1 1
hci-ippool-service/app/ippool/ippool.go:301.2,301.12 1 1
hci-ippool-service/app/ippool/ippool.go:270.30,272.3 1 1
hci-ippool-service/app/ippool/ippool.go:274.33,276.3 1 0
hci-ippool-service/app/ippool/ippool.go:283.30,285.3 1 1
hci-ippool-service/app/ippool/ippool.go:287.26,289.3 1 1
hci-ippool-service/app/ippool/ippool.go:290.34,292.3 1 1
hci-ippool-service/app/ippool/ippool.go:294.25,299.3 1 1
hci-ippool-service/app/ippool/ippool.go:304.42,307.64 2 1
hci-ippool-service/app/ippool/ippool.go:317.2,317.43 1 1
hci-ippool-service/app/ippool/ippool.go:326.2,326.44 1 1
hci-ippool-service/app/ippool/ippool.go:346.2,346.11 1 1
hci-ippool-service/app/ippool/ippool.go:351.2,351.12 1 1
hci-ippool-service/app/ippool/ippool.go:307.64,315.3 2 1
hci-ippool-service/app/ippool/ippool.go:317.43,324.3 2 1
hci-ippool-service/app/ippool/ippool.go:326.44,330.24 3 1
hci-ippool-service/app/ippool/ippool.go:330.24,337.4 2 1
hci-ippool-service/app/ippool/ippool.go:339.8,340.26 1 1
hci-ippool-service/app/ippool/ippool.go:340.26,343.4 2 1
hci-ippool-service/app/ippool/ippool.go:346.11,350.3 1 1
hci-ippool-service/app/ippool/ippool.go:354.52,356.35 2 1
hci-ippool-service/app/ippool/ippool.go:365.2,365.12 1 1
hci-ippool-service/app/ippool/ippool.go:356.35,358.9 2 1
hci-ippool-service/app/ippool/ippool.go:363.3,363.24 1 1
hci-ippool-service/app/ippool/ippool.go:358.9,362.4 1 1
hci-ippool-service/app/ippool/ippool.go:368.67,370.28 2 1
hci-ippool-service/app/ippool/ippool.go:379.2,379.19 1 1
hci-ippool-service/app/ippool/ippool.go:382.2,382.12 1 1
hci-ippool-service/app/ippool/ippool.go:370.28,372.10 2 1
hci-ippool-service/app/ippool/ippool.go:372.10,377.4 1 1
hci-ippool-service/app/ippool/ippool.go:379.19,381.3 1 1
hci-ippool-service/app/ippool/ippool.go:385.68,386.18 1 1
hci-ippool-service/app/ippool/ippool.go:386.18,388.3 1 1
hci-ippool-service/app/localization/localization.go:33.13,36.2 2 1
hci-ippool-service/app/localization/localization.go:38.46,59.2 20 1
hci-ippool-service/app/ippool/repository.go:42.68,52.2 1 1
hci-ippool-service/app/ippool/repository.go:54.60,57.2 2 1
hci-ippool-service/app/ippool/repository.go:59.93,64.16 5 1
hci-ippool-service/app/ippool/repository.go:67.2,68.16 2 1
hci-ippool-service/app/ippool/repository.go:71.2,72.16 2 1
hci-ippool-service/app/ippool/repository.go:75.2,75.12 1 1
hci-ippool-service/app/ippool/repository.go:64.16,66.3 1 0
hci-ippool-service/app/ippool/repository.go:68.16,70.3 1 0
hci-ippool-service/app/ippool/repository.go:72.16,74.3 1 0
hci-ippool-service/app/ippool/repository.go:78.95,83.2 4 1
hci-ippool-service/app/ippool/repository.go:84.78,91.16 6 1
hci-ippool-service/app/ippool/repository.go:94.2,96.16 3 1
hci-ippool-service/app/ippool/repository.go:99.2,100.16 2 1
hci-ippool-service/app/ippool/repository.go:103.2,103.12 1 1
hci-ippool-service/app/ippool/repository.go:91.16,93.3 1 0
hci-ippool-service/app/ippool/repository.go:96.16,98.3 1 0
hci-ippool-service/app/ippool/repository.go:100.16,102.3 1 0
hci-ippool-service/app/ippool/repository.go:106.80,110.16 4 1
hci-ippool-service/app/ippool/repository.go:113.2,113.25 1 1
hci-ippool-service/app/ippool/repository.go:120.2,120.19 1 1
hci-ippool-service/app/ippool/repository.go:110.16,112.3 1 0
hci-ippool-service/app/ippool/repository.go:113.25,118.3 4 1
hci-ippool-service/app/ippool/repository.go:123.87,127.35 4 1
hci-ippool-service/app/ippool/repository.go:133.2,136.19 3 1
hci-ippool-service/app/ippool/repository.go:127.35,129.3 1 1
hci-ippool-service/app/ippool/repository.go:129.8,129.23 1 1
hci-ippool-service/app/ippool/repository.go:129.23,131.3 1 0
hci-ippool-service/app/ippool/repository.go:139.109,142.16 3 1
hci-ippool-service/app/ippool/repository.go:147.2,154.18 3 1
hci-ippool-service/app/ippool/repository.go:163.2,163.17 1 1
hci-ippool-service/app/ippool/repository.go:142.16,145.3 2 0
hci-ippool-service/app/ippool/repository.go:154.18,161.3 4 0
hci-ippool-service/app/ippool/repository.go:166.96,168.16 2 1
hci-ippool-service/app/ippool/repository.go:171.2,171.32 1 1
hci-ippool-service/app/ippool/repository.go:176.2,176.17 1 1
hci-ippool-service/app/ippool/repository.go:168.16,170.3 1 0
hci-ippool-service/app/ippool/repository.go:171.32,172.41 1 1
hci-ippool-service/app/ippool/repository.go:172.41,174.4 1 1
hci-ippool-service/app/ippool/repository.go:179.115,184.35 3 1
hci-ippool-service/app/ippool/repository.go:189.2,193.16 4 1
hci-ippool-service/app/ippool/repository.go:197.2,198.16 2 1
hci-ippool-service/app/ippool/repository.go:203.2,204.16 2 1
hci-ippool-service/app/ippool/repository.go:207.2,207.12 1 1
hci-ippool-service/app/ippool/repository.go:184.35,188.3 3 1
hci-ippool-service/app/ippool/repository.go:193.16,196.3 2 0
hci-ippool-service/app/ippool/repository.go:198.16,201.3 2 0
hci-ippool-service/app/ippool/repository.go:204.16,206.3 1 0
hci-ippool-service/app/ippool/repository.go:210.97,216.16 5 1
hci-ippool-service/app/ippool/repository.go:220.2,222.16 3 1
hci-ippool-service/app/ippool/repository.go:226.2,227.12 2 1
hci-ippool-service/app/ippool/repository.go:216.16,218.3 1 0
hci-ippool-service/app/ippool/repository.go:222.16,224.3 1 0
hci-ippool-service/app/ippool/repository.go:230.101,234.16 4 1
hci-ippool-service/app/ippool/repository.go:238.2,239.24 2 1
hci-ippool-service/app/ippool/repository.go:245.2,245.26 1 1
hci-ippool-service/app/ippool/repository.go:234.16,236.3 1 0
hci-ippool-service/app/ippool/repository.go:239.24,243.3 3 1
hci-ippool-service/app/ippool/repository.go:248.109,252.27 3 1
hci-ippool-service/app/ippool/repository.go:255.2,256.16 2 1
hci-ippool-service/app/ippool/repository.go:260.2,262.16 3 1
hci-ippool-service/app/ippool/repository.go:265.2,265.21 1 1
hci-ippool-service/app/ippool/repository.go:252.27,254.3 1 1
hci-ippool-service/app/ippool/repository.go:256.16,258.3 1 0
hci-ippool-service/app/ippool/repository.go:262.16,264.3 1 0
hci-ippool-service/app/ippool/repository.go:268.96,272.16 4 1
hci-ippool-service/app/ippool/repository.go:275.2,275.22 1 1
hci-ippool-service/app/ippool/repository.go:272.16,274.3 1 0
hci-ippool-service/app/ippool/repository.go:278.69,281.2 2 1
hci-ippool-service/app/ippool/repository.go:282.70,285.2 2 1
hci-ippool-service/app/ippool/repository.go:287.47,288.22 1 1
hci-ippool-service/app/ippool/repository.go:293.2,293.14 1 1
hci-ippool-service/app/ippool/repository.go:288.22,289.21 1 1
hci-ippool-service/app/ippool/repository.go:289.21,291.4 1 1
hci-ippool-service/app/ippool/repository.go:296.31,298.19 1 1
hci-ippool-service/app/ippool/repository.go:301.2,301.43 1 1
hci-ippool-service/app/ippool/repository.go:298.19,300.3 1 0
hci-ippool-service/app/ippool/repository.go:304.31,308.2 3 1
hci-ippool-service/api/api.go:27.43,29.2 1 1
hci-ippool-service/api/api.go:31.35,33.2 1 1
hci-ippool-service/api/api.go:35.13,37.2 1 1
hci-ippool-service/api/api.go:39.31,46.2 6 1
hci-ippool-service/api/api.go:48.37,50.2 1 0
hci-ippool-service/api/api.go:52.33,54.16 2 1
hci-ippool-service/api/api.go:58.2,59.26 2 1
hci-ippool-service/api/api.go:62.2,62.34 1 1
hci-ippool-service/api/api.go:54.16,57.3 2 0
hci-ippool-service/api/api.go:59.26,61.3 1 1
hci-ippool-service/api/api.go:65.32,68.22 3 1
hci-ippool-service/api/api.go:76.2,77.33 2 1
hci-ippool-service/api/api.go:68.22,71.3 2 1
hci-ippool-service/api/api.go:71.8,71.23 1 1
hci-ippool-service/api/api.go:71.23,74.3 2 0
hci-ippool-service/api/api.go:80.35,83.16 3 1
hci-ippool-service/api/api.go:92.2,93.16 2 1
hci-ippool-service/api/api.go:98.2,100.12 3 1
hci-ippool-service/api/api.go:112.2,113.17 2 1
hci-ippool-service/api/api.go:118.2,118.18 1 1
hci-ippool-service/api/api.go:83.16,90.3 3 1
hci-ippool-service/api/api.go:93.16,96.3 2 0
hci-ippool-service/api/api.go:100.12,102.17 2 1
hci-ippool-service/api/api.go:102.17,109.4 3 1
hci-ippool-service/api/api.go:113.17,116.3 2 1
hci-ippool-service/api/api.go:118.18,120.3 1 1
hci-ippool-service/api/api.go:120.8,123.3 2 1
hci-ippool-service/api/api.go:126.35,131.22 3 1
hci-ippool-service/api/api.go:144.2,144.39 1 1
hci-ippool-service/api/api.go:131.22,134.3 2 1
hci-ippool-service/api/api.go:134.8,134.23 1 1
hci-ippool-service/api/api.go:134.23,137.3 2 0
hci-ippool-service/api/api.go:137.8,139.17 2 1
hci-ippool-service/api/api.go:139.17,142.4 2 1
hci-ippool-service/api/api.go:147.57,170.2 2 1
hci-ippool-service/api/api.go:172.77,174.16 2 1
hci-ippool-service/api/api.go:178.2,191.18 10 1
hci-ippool-service/api/api.go:174.16,176.3 1 0
hci-ippool-service/api/api.go:194.46,196.21 2 1
hci-ippool-service/api/api.go:201.2,201.20 1 1
hci-ippool-service/api/api.go:196.21,198.3 1 1
hci-ippool-service/api/api.go:198.8,200.3 1 0
hci-ippool-service/api/api.go:204.43,206.25 2 1
hci-ippool-service/api/api.go:209.2,209.15 1 1
hci-ippool-service/api/api.go:206.25,208.3 1 1
hci-ippool-service/api/api.go:212.43,214.25 2 1
hci-ippool-service/api/api.go:217.2,217.18 1 1
hci-ippool-service/api/api.go:214.25,216.3 1 1
hci-ippool-service/api/api.go:220.77,222.33 2 1
hci-ippool-service/api/api.go:225.2,225.19 1 1
hci-ippool-service/api/api.go:222.33,224.3 1 1
hci-ippool-service/api/api.go:228.64,230.26 2 1
hci-ippool-service/api/api.go:233.2,233.19 1 1
hci-ippool-service/api/api.go:230.26,232.3 1 1
hci-ippool-service/api/api.go:236.42,240.16 3 1
hci-ippool-service/api/api.go:244.2,252.17 3 1
hci-ippool-service/api/api.go:258.2,259.16 2 1
hci-ippool-service/api/api.go:263.2,264.16 2 1
hci-ippool-service/api/api.go:269.2,270.16 2 1
hci-ippool-service/api/api.go:274.2,275.34 2 1
hci-ippool-service/api/api.go:240.16,243.3 2 0
hci-ippool-service/api/api.go:252.17,255.3 2 1
hci-ippool-service/api/api.go:259.16,262.3 2 1
hci-ippool-service/api/api.go:264.16,267.3 2 1
hci-ippool-service/api/api.go:270.16,273.3 2 0
hci-ippool-service/api/api.go:278.71,280.27 2 1
hci-ippool-service/api/api.go:290.2,290.13 1 1
hci-ippool-service/api/api.go:280.27,289.3 1 1
hci-ippool-service/api/api.go:293.42,296.16 3 1
hci-ippool-service/api/api.go:301.2,301.63 1 1
hci-ippool-service/api/api.go:296.16,299.3 2 0
hci-ippool-service/api/api.go:304.39,308.16 4 1
hci-ippool-service/api/api.go:313.2,313.62 1 1
hci-ippool-service/api/api.go:308.16,311.3 2 1
hci-ippool-service/api/api.go:316.44,320.16 4 1
hci-ippool-service/api/api.go:325.2,325.39 1 1
hci-ippool-service/api/api.go:320.16,323.3 2 1
hci-ippool-service/api/routers.go:24.32,26.2 1 1
hci-ippool-service/api/routers.go:29.33,36.12 3 1
hci-ippool-service/api/routers.go:45.2,52.42 7 1
hci-ippool-service/api/routers.go:55.2,56.12 2 1
hci-ippool-service/api/routers.go:36.12,38.77 1 1
hci-ippool-service/api/routers.go:38.77,40.4 1 0
hci-ippool-service/api/routers.go:52.42,54.3 1 0
hci-ippool-service/api/routers.go:59.30,62.2 3 1
hci-ippool-service/api/routers.go:77.2,81.15 4 1
hci-ippool-service/api/routers.go:62.2,75.3 12 1
hci-ippool-service/app/config/config.go:15.20,20.2 1 1
hci-ippool-service/app/config/config.go:22.51,23.48 1 1
hci-ippool-service/app/config/config.go:27.2,27.19 1 1
hci-ippool-service/app/config/config.go:23.48,25.3 1 0
hci-ippool-service/app/config/config.go:30.60,32.2 1 1
hci-ippool-service/api/auth/config.go:43.13,44.41 1 1
hci-ippool-service/api/auth/config.go:47.2,48.20 2 1
hci-ippool-service/api/auth/config.go:44.41,45.13 1 0
hci-ippool-service/api/auth/config.go:53.23,55.41 2 1
hci-ippool-service/api/auth/config.go:58.2,58.14 1 0
hci-ippool-service/api/auth/config.go:55.41,57.3 1 1
hci-ippool-service/api/auth/config.go:61.34,64.19 2 1
hci-ippool-service/api/auth/config.go:65.23,66.50 1 1
hci-ippool-service/api/auth/config.go:69.3,69.65 1 1
hci-ippool-service/api/auth/config.go:66.50,68.4 1 1
hci-ippool-service/api/auth/config.go:73.29,78.16 3 1
hci-ippool-service/api/auth/config.go:82.2,84.65 2 1
hci-ippool-service/api/auth/config.go:88.2,88.12 1 1
hci-ippool-service/api/auth/config.go:78.16,80.3 1 0
hci-ippool-service/api/auth/config.go:84.65,86.3 1 0
hci-ippool-service/api/auth/config.go:91.51,92.48 1 1
hci-ippool-service/api/auth/config.go:96.2,96.19 1 1
hci-ippool-service/api/auth/config.go:92.48,94.3 1 0
hci-ippool-service/api/auth/config.go:99.60,101.2 1 1
hci-ippool-service/app/ippool/reservation.go:42.55,45.17 2 1
hci-ippool-service/app/ippool/reservation.go:51.2,51.63 1 1
hci-ippool-service/app/ippool/reservation.go:57.2,57.38 1 1
hci-ippool-service/app/ippool/reservation.go:65.2,65.27 1 1
hci-ippool-service/app/ippool/reservation.go:71.2,72.17 2 1
hci-ippool-service/app/ippool/reservation.go:79.2,79.16 1 1
hci-ippool-service/app/ippool/reservation.go:45.17,49.3 1 1
hci-ippool-service/app/ippool/reservation.go:51.63,55.3 1 1
hci-ippool-service/app/ippool/reservation.go:57.38,58.47 1 1
hci-ippool-service/app/ippool/reservation.go:58.47,63.4 1 1
hci-ippool-service/app/ippool/reservation.go:65.27,69.3 1 1
hci-ippool-service/app/ippool/reservation.go:72.17,77.3 1 1
hci-ippool-service/app/ippool/reservation.go:83.78,89.28 2 1
hci-ippool-service/app/ippool/reservation.go:96.2,96.12 1 1
hci-ippool-service/app/ippool/reservation.go:89.28,94.3 1 1
hci-ippool-service/app/ippool/reservation.go:100.118,104.16 4 1
hci-ippool-service/app/ippool/reservation.go:107.2,107.17 1 1
hci-ippool-service/app/ippool/reservation.go:113.2,121.16 3 1
hci-ippool-service/app/ippool/reservation.go:124.2,129.82 4 1
hci-ippool-service/app/ippool/reservation.go:104.16,106.3 1 0
hci-ippool-service/app/ippool/reservation.go:107.17,112.3 1 0
hci-ippool-service/app/ippool/reservation.go:121.16,123.3 1 0
hci-ippool-service/app/ippool/reservation.go:132.94,133.18 1 1
hci-ippool-service/app/ippool/reservation.go:136.2,137.17 2 1
hci-ippool-service/app/ippool/reservation.go:141.2,147.16 6 1
hci-ippool-service/app/ippool/reservation.go:150.2,150.17 1 1
hci-ippool-service/app/ippool/reservation.go:154.2,155.16 2 1
hci-ippool-service/app/ippool/reservation.go:158.2,158.16 1 1
hci-ippool-service/app/ippool/reservation.go:164.2,164.54 1 1
hci-ippool-service/app/ippool/reservation.go:133.18,135.3 1 1
hci-ippool-service/app/ippool/reservation.go:137.17,139.3 1 1
hci-ippool-service/app/ippool/reservation.go:147.16,149.3 1 0
hci-ippool-service/app/ippool/reservation.go:150.17,152.3 1 1
hci-ippool-service/app/ippool/reservation.go:155.16,157.3 1 0
hci-ippool-service/app/ippool/reservation.go:158.16,162.3 1 1
hci-ippool-service/app/ippool/reservation.go:167.98,169.17 2 1
hci-ippool-service/app/ippool/reservation.go:173.2,174.16 2 1
hci-ippool-service/app/ippool/reservation.go:177.2,177.17 1 1
hci-ippool-service/app/ippool/reservation.go:183.2,183.47 1 1
hci-ippool-service/app/ippool/reservation.go:169.17,171.3 1 0
hci-ippool-service/app/ippool/reservation.go:174.16,176.3 1 0
hci-ippool-service/app/ippool/reservation.go:177.17,181.3 1 0
hci-ippool-service/app/ippool/reservation.go:186.106,188.17 2 1
hci-ippool-service/app/ippool/reservation.go:192.2,192.15 1 1
hci-ippool-service/app/ippool/reservation.go:198.2,199.16 2 1
hci-ippool-service/app/ippool/reservation.go:202.2,202.17 1 1
hci-ippool-service/app/ippool/reservation.go:208.2,209.16 2 1
hci-ippool-service/app/ippool/reservation.go:212.2,212.16 1 1
hci-ippool-service/app/ippool/reservation.go:215.2,215.17 1 1
hci-ippool-service/app/ippool/reservation.go:188.17,190.3 1 0
hci-ippool-service/app/ippool/reservation.go:192.15,196.3 1 0
hci-ippool-service/app/ippool/reservation.go:199.16,201.3 1 0
hci-ippool-service/app/ippool/reservation.go:202.17,206.3 1 0
hci-ippool-service/app/ippool/reservation.go:209.16,211.3 1 0
hci-ippool-service/app/ippool/reservation.go:212.16,214.3 1 1
hci-ippool-service/app/ippool/reservation.go:218.43,220.2 1 1
hci-ippool-service/app/ippool/reservation.go:222.55,224.2 1 1
hci-ippool-service/app/ippool/reservation.go:227.58,228.49 1 1
hci-ippool-service/app/ippool/reservation.go:232.2,232.12 1 1
hci-ippool-service/app/ippool/reservation.go:228.49,230.3 1 0
hci-ippool-service/app/ippool/reservation.go:235.50,241.44 5 1
hci-ippool-service/app/ippool/reservation.go:245.2,245.18 1 1
hci-ippool-service/app/ippool/reservation.go:241.44,244.3 2 1
hci-ippool-service/app/ippool/reservation.go:248.99,253.25 4 1
hci-ippool-service/app/ippool/reservation.go:269.2,269.28 1 1
hci-ippool-service/app/ippool/reservation.go:253.25,261.21 3 1
hci-ippool-service/app/ippool/reservation.go:265.3,267.59 3 1
hci-ippool-service/app/ippool/reservation.go:261.21,264.4 2 1
hci-ippool-service/api/error_handler.go:13.88,14.23 1 1
hci-ippool-service/api/error_handler.go:17.2,21.3 1 1
hci-ippool-service/api/error_handler.go:14.23,16.3 1 1
hci-ippool-service/api/error_handler.go:24.79,25.25 1 1
hci-ippool-service/api/error_handler.go:32.2,32.8 1 1
hci-ippool-service/api/error_handler.go:25.25,27.25 2 1
hci-ippool-service/api/error_handler.go:30.3,30.30 1 1
hci-ippool-service/api/error_handler.go:27.25,29.4 1 1
hci-ippool-service/api/error_handler.go:35.69,39.18 2 1
hci-ippool-service/api/error_handler.go:84.2,84.8 1 1
hci-ippool-service/api/error_handler.go:40.17,44.92 4 1
hci-ippool-service/api/error_handler.go:45.21,53.63 5 1
hci-ippool-service/api/error_handler.go:57.3,57.66 1 1
hci-ippool-service/api/error_handler.go:60.3,60.78 1 1
hci-ippool-service/api/error_handler.go:61.32,68.62 5 1
hci-ippool-service/api/error_handler.go:71.3,71.63 1 1
hci-ippool-service/api/error_handler.go:74.3,75.63 1 1
hci-ippool-service/api/error_handler.go:78.3,78.76 1 1
hci-ippool-service/api/error_handler.go:79.10,82.124 3 0
hci-ippool-service/api/error_handler.go:53.63,55.4 1 1
hci-ippool-service/api/error_handler.go:57.66,59.4 1 1
hci-ippool-service/api/error_handler.go:68.62,70.4 1 1
hci-ippool-service/api/error_handler.go:71.63,73.4 1 1
hci-ippool-service/api/error_handler.go:75.63,77.4 1 1
hci-ippool-service/api/auth/jwt_validator.go:21.22,24.2 2 1
hci-ippool-service/api/auth/jwt_validator.go:27.25,28.16 1 1
hci-ippool-service/api/auth/jwt_validator.go:32.2,34.16 3 1
hci-ippool-service/api/auth/jwt_validator.go:28.16,30.3 1 0
hci-ippool-service/api/auth/jwt_validator.go:34.16,35.21 1 0
hci-ippool-service/api/auth/jwt_validator.go:40.62,44.16 3 1
hci-ippool-service/api/auth/jwt_validator.go:50.2,50.46 1 1
hci-ippool-service/api/auth/jwt_validator.go:59.2,59.26 1 1
hci-ippool-service/api/auth/jwt_validator.go:65.2,65.24 1 1
hci-ippool-service/api/auth/jwt_validator.go:44.16,48.3 2 0
hci-ippool-service/api/auth/jwt_validator.go:50.46,52.17 2 1
hci-ippool-service/api/auth/jwt_validator.go:52.17,54.4 1 0
hci-ippool-service/api/auth/jwt_validator.go:54.9,56.4 1 1
hci-ippool-service/api/auth/jwt_validator.go:59.26,63.3 3 0
hci-ippool-service/api/auth/jwt_validator.go:69.85,74.16 3 1
hci-ippool-service/api/auth/jwt_validator.go:78.2,87.107 4 1
hci-ippool-service/api/auth/jwt_validator.go:74.16,76.3 1 0
hci-ippool-service/api/auth/jwt_validator.go:90.59,93.16 2 1
hci-ippool-service/api/auth/jwt_validator.go:97.2,104.35 5 1
hci-ippool-service/api/auth/jwt_validator.go:108.2,108.16 1 1
hci-ippool-service/api/auth/jwt_validator.go:113.2,113.37 1 1
hci-ippool-service/api/auth/jwt_validator.go:119.2,120.16 2 1
hci-ippool-service/api/auth/jwt_validator.go:125.2,127.16 3 1
hci-ippool-service/api/auth/jwt_validator.go:132.2,133.8 2 1
hci-ippool-service/api/auth/jwt_validator.go:93.16,96.3 2 0
hci-ippool-service/api/auth/jwt_validator.go:104.35,106.3 1 1
hci-ippool-service/api/auth/jwt_validator.go:108.16,111.3 2 0
hci-ippool-service/api/auth/jwt_validator.go:113.37,117.3 3 0
hci-ippool-service/api/auth/jwt_validator.go:120.16,123.3 2 0
hci-ippool-service/api/auth/jwt_validator.go:127.16,130.3 2 0
hci-ippool-service/api/auth/jwt_validator.go:136.45,137.19 1 1
hci-ippool-service/api/auth/jwt_validator.go:140.2,142.16 2 1
hci-ippool-service/api/auth/jwt_validator.go:137.19,139.3 1 0
hci-ippool-service/api/auth/jwt_validator.go:142.16,144.3 1 0
hci-ippool-service/api/auth/route_authorization.go:19.38,21.16 1 1
hci-ippool-service/api/auth/route_authorization.go:25.2,27.45 3 1
hci-ippool-service/api/auth/route_authorization.go:37.2,37.22 1 1
hci-ippool-service/api/auth/route_authorization.go:44.2,44.8 1 1
hci-ippool-service/api/auth/route_authorization.go:21.16,23.3 1 0
hci-ippool-service/api/auth/route_authorization.go:27.45,29.19 2 1
hci-ippool-service/api/auth/route_authorization.go:29.19,31.9 2 1
hci-ippool-service/api/auth/route_authorization.go:32.9,34.4 1 1
hci-ippool-service/api/auth/route_authorization.go:37.22,39.3 1 1
hci-ippool-service/api/auth/route_authorization.go:39.8,42.3 2 1
hci-ippool-service/api/auth/route_authorization.go:47.89,50.16 2 1
hci-ippool-service/api/auth/route_authorization.go:55.2,56.16 2 1
hci-ippool-service/api/auth/route_authorization.go:61.2,61.31 1 1
hci-ippool-service/api/auth/route_authorization.go:66.2,66.17 1 1
hci-ippool-service/api/auth/route_authorization.go:50.16,53.3 2 1
hci-ippool-service/api/auth/route_authorization.go:56.16,59.3 2 0
hci-ippool-service/api/auth/route_authorization.go:61.31,64.3 2 0
hci-ippool-service/api/auth/route_authorization.go:69.58,72.26 2 1
hci-ippool-service/api/auth/route_authorization.go:87.2,87.13 1 1
hci-ippool-service/api/auth/route_authorization.go:73.76,74.43 1 1
hci-ippool-service/api/auth/route_authorization.go:78.22,79.43 1 1
hci-ippool-service/api/auth/route_authorization.go:83.10,85.15 2 0
hci-ippool-service/api/auth/route_authorization.go:74.43,77.4 2 0
hci-ippool-service/api/auth/route_authorization.go:79.43,82.4 2 0
hci-ippool-service/api/auth/route_authorization.go:90.123,93.16 3 1
hci-ippool-service/api/auth/route_authorization.go:98.2,99.23 2 1
hci-ippool-service/api/auth/route_authorization.go:105.2,108.32 3 1
hci-ippool-service/api/auth/route_authorization.go:112.2,112.8 1 1
hci-ippool-service/api/auth/route_authorization.go:93.16,95.3 1 0
hci-ippool-service/api/auth/route_authorization.go:99.23,102.3 2 0
hci-ippool-service/api/auth/route_authorization.go:108.32,110.3 1 1
hci-ippool-service/api/auth/route_authorization.go:115.68,116.43 1 1
hci-ippool-service/api/auth/route_authorization.go:121.2,121.14 1 0
hci-ippool-service/api/auth/route_authorization.go:116.43,117.36 1 1
hci-ippool-service/api/auth/route_authorization.go:117.36,119.4 1 1
